#! /usr/bin/vvp
:ivl_version "11.0 (stable)";
:ivl_delay_selection "TYPICAL";
:vpi_time_precision - 12;
:vpi_module "/usr/lib/x86_64-linux-gnu/ivl/system.vpi";
:vpi_module "/usr/lib/x86_64-linux-gnu/ivl/vhdl_sys.vpi";
:vpi_module "/usr/lib/x86_64-linux-gnu/ivl/vhdl_textio.vpi";
:vpi_module "/usr/lib/x86_64-linux-gnu/ivl/v2005_math.vpi";
:vpi_module "/usr/lib/x86_64-linux-gnu/ivl/va_math.vpi";
S_0x55abd6306540 .scope module, "fifo_tb" "fifo_tb" 2 2;
 .timescale -9 -12;
P_0x55abd62eac80 .param/l "B" 1 2 5, +C4<00000000000000000000000000001000>;
P_0x55abd62eacc0 .param/l "W" 1 2 6, +C4<00000000000000000000000000000100>;
v0x55abd6321ad0_0 .var "clk", 0 0;
v0x55abd6321b90_0 .net "empty", 0 0, L_0x55abd63227d0;  1 drivers
v0x55abd6321c60_0 .net "full", 0 0, L_0x55abd6322690;  1 drivers
v0x55abd6321d60_0 .net "r_data", 7 0, L_0x55abd6322400;  1 drivers
v0x55abd6321e30_0 .var "rd", 0 0;
v0x55abd6321f20_0 .var "reset", 0 0;
v0x55abd6321ff0_0 .var "w_data", 7 0;
v0x55abd63220c0_0 .var "wr", 0 0;
S_0x55abd6306770 .scope module, "uut" "fifo" 2 15, 3 3 0, S_0x55abd6306540;
 .timescale -9 -12;
    .port_info 0 /INPUT 1 "clk";
    .port_info 1 /INPUT 1 "reset";
    .port_info 2 /INPUT 1 "rd";
    .port_info 3 /INPUT 1 "wr";
    .port_info 4 /INPUT 8 "w_data";
    .port_info 5 /OUTPUT 1 "empty";
    .port_info 6 /OUTPUT 1 "full";
    .port_info 7 /OUTPUT 8 "r_data";
P_0x55abd62eaec0 .param/l "B" 0 3 4, +C4<00000000000000000000000000001000>;
P_0x55abd62eaf00 .param/l "W" 0 3 5, +C4<00000000000000000000000000000100>;
L_0x55abd6322400 .functor BUFZ 8, L_0x55abd6322190, C4<00000000>, C4<00000000>, C4<00000000>;
L_0x55abd6322510 .functor NOT 1, v0x55abd6320f10_0, C4<0>, C4<0>, C4<0>;
L_0x55abd6322580 .functor AND 1, v0x55abd63220c0_0, L_0x55abd6322510, C4<1>, C4<1>;
L_0x55abd6322690 .functor BUFZ 1, v0x55abd6320f10_0, C4<0>, C4<0>, C4<0>;
L_0x55abd63227d0 .functor BUFZ 1, v0x55abd6320cd0_0, C4<0>, C4<0>, C4<0>;
v0x55abd62c4e10_0 .net *"_ivl_0", 7 0, L_0x55abd6322190;  1 drivers
v0x55abd6320700_0 .net *"_ivl_2", 5 0, L_0x55abd6322290;  1 drivers
L_0x7fdfdd181018 .functor BUFT 1, C4<00>, C4<0>, C4<0>, C4<0>;
v0x55abd63207e0_0 .net *"_ivl_5", 1 0, L_0x7fdfdd181018;  1 drivers
v0x55abd63208a0_0 .net *"_ivl_8", 0 0, L_0x55abd6322510;  1 drivers
v0x55abd6320980 .array "array_reg", 0 15, 7 0;
v0x55abd6320a90_0 .net "clk", 0 0, v0x55abd6321ad0_0;  1 drivers
v0x55abd6320b50_0 .net "empty", 0 0, L_0x55abd63227d0;  alias, 1 drivers
v0x55abd6320c10_0 .var "empty_next", 0 0;
v0x55abd6320cd0_0 .var "empty_reg", 0 0;
v0x55abd6320d90_0 .net "full", 0 0, L_0x55abd6322690;  alias, 1 drivers
v0x55abd6320e50_0 .var "full_next", 0 0;
v0x55abd6320f10_0 .var "full_reg", 0 0;
v0x55abd6320fd0_0 .net "r_data", 7 0, L_0x55abd6322400;  alias, 1 drivers
v0x55abd63210b0_0 .var "r_ptr_next", 3 0;
v0x55abd6321190_0 .var "r_ptr_reg", 3 0;
v0x55abd6321270_0 .var "r_ptr_succ", 3 0;
v0x55abd6321350_0 .net "rd", 0 0, v0x55abd6321e30_0;  1 drivers
v0x55abd6321410_0 .net "reset", 0 0, v0x55abd6321f20_0;  1 drivers
v0x55abd63214d0_0 .net "w_data", 7 0, v0x55abd6321ff0_0;  1 drivers
v0x55abd63215b0_0 .var "w_ptr_next", 3 0;
v0x55abd6321690_0 .var "w_ptr_reg", 3 0;
v0x55abd6321770_0 .var "w_ptr_succ", 3 0;
v0x55abd6321850_0 .net "wr", 0 0, v0x55abd63220c0_0;  1 drivers
v0x55abd6321910_0 .net "wr_en", 0 0, L_0x55abd6322580;  1 drivers
E_0x55abd62fdd20/0 .event edge, v0x55abd6321690_0, v0x55abd6321190_0, v0x55abd6320f10_0, v0x55abd6320cd0_0;
E_0x55abd62fdd20/1 .event edge, v0x55abd6321850_0, v0x55abd6321350_0, v0x55abd6321270_0, v0x55abd6321770_0;
E_0x55abd62fdd20 .event/or E_0x55abd62fdd20/0, E_0x55abd62fdd20/1;
E_0x55abd6300a90 .event posedge, v0x55abd6321410_0, v0x55abd6320a90_0;
E_0x55abd62e89b0 .event posedge, v0x55abd6320a90_0;
L_0x55abd6322190 .array/port v0x55abd6320980, L_0x55abd6322290;
L_0x55abd6322290 .concat [ 4 2 0 0], v0x55abd6321190_0, L_0x7fdfdd181018;
    .scope S_0x55abd6306770;
T_0 ;
    %wait E_0x55abd62e89b0;
    %load/vec4 v0x55abd6321910_0;
    %flag_set/vec4 8;
    %jmp/0xz  T_0.0, 8;
    %load/vec4 v0x55abd63214d0_0;
    %load/vec4 v0x55abd6321690_0;
    %pad/u 6;
    %ix/vec4 3;
    %ix/load 4, 0, 0; Constant delay
    %assign/vec4/a/d v0x55abd6320980, 0, 4;
T_0.0 ;
    %jmp T_0;
    .thread T_0;
    .scope S_0x55abd6306770;
T_1 ;
    %wait E_0x55abd6300a90;
    %load/vec4 v0x55abd6321410_0;
    %flag_set/vec4 8;
    %jmp/0xz  T_1.0, 8;
    %pushi/vec4 0, 0, 4;
    %assign/vec4 v0x55abd6321690_0, 0;
    %pushi/vec4 0, 0, 4;
    %assign/vec4 v0x55abd6321190_0, 0;
    %pushi/vec4 0, 0, 1;
    %assign/vec4 v0x55abd6320f10_0, 0;
    %pushi/vec4 1, 0, 1;
    %assign/vec4 v0x55abd6320cd0_0, 0;
    %jmp T_1.1;
T_1.0 ;
    %load/vec4 v0x55abd63215b0_0;
    %assign/vec4 v0x55abd6321690_0, 0;
    %load/vec4 v0x55abd63210b0_0;
    %assign/vec4 v0x55abd6321190_0, 0;
    %load/vec4 v0x55abd6320e50_0;
    %assign/vec4 v0x55abd6320f10_0, 0;
    %load/vec4 v0x55abd6320c10_0;
    %assign/vec4 v0x55abd6320cd0_0, 0;
T_1.1 ;
    %jmp T_1;
    .thread T_1;
    .scope S_0x55abd6306770;
T_2 ;
    %wait E_0x55abd62fdd20;
    %load/vec4 v0x55abd6321690_0;
    %addi 1, 0, 4;
    %store/vec4 v0x55abd6321770_0, 0, 4;
    %load/vec4 v0x55abd6321190_0;
    %addi 1, 0, 4;
    %store/vec4 v0x55abd6321270_0, 0, 4;
    %load/vec4 v0x55abd6321690_0;
    %store/vec4 v0x55abd63215b0_0, 0, 4;
    %load/vec4 v0x55abd6321190_0;
    %store/vec4 v0x55abd63210b0_0, 0, 4;
    %load/vec4 v0x55abd6320f10_0;
    %store/vec4 v0x55abd6320e50_0, 0, 1;
    %load/vec4 v0x55abd6320cd0_0;
    %store/vec4 v0x55abd6320c10_0, 0, 1;
    %load/vec4 v0x55abd6321850_0;
    %load/vec4 v0x55abd6321350_0;
    %concat/vec4; draw_concat_vec4
    %dup/vec4;
    %pushi/vec4 1, 0, 2;
    %cmp/u;
    %jmp/1 T_2.0, 6;
    %dup/vec4;
    %pushi/vec4 2, 0, 2;
    %cmp/u;
    %jmp/1 T_2.1, 6;
    %dup/vec4;
    %pushi/vec4 3, 0, 2;
    %cmp/u;
    %jmp/1 T_2.2, 6;
    %jmp T_2.3;
T_2.0 ;
    %load/vec4 v0x55abd6320cd0_0;
    %inv;
    %flag_set/vec4 8;
    %jmp/0xz  T_2.4, 8;
    %load/vec4 v0x55abd6321270_0;
    %store/vec4 v0x55abd63210b0_0, 0, 4;
    %pushi/vec4 0, 0, 1;
    %store/vec4 v0x55abd6320e50_0, 0, 1;
    %load/vec4 v0x55abd6321270_0;
    %load/vec4 v0x55abd6321690_0;
    %cmp/e;
    %jmp/0xz  T_2.6, 4;
    %pushi/vec4 1, 0, 1;
    %store/vec4 v0x55abd6320c10_0, 0, 1;
T_2.6 ;
T_2.4 ;
    %jmp T_2.3;
T_2.1 ;
    %load/vec4 v0x55abd6320f10_0;
    %inv;
    %flag_set/vec4 8;
    %jmp/0xz  T_2.8, 8;
    %load/vec4 v0x55abd6321770_0;
    %store/vec4 v0x55abd63215b0_0, 0, 4;
    %pushi/vec4 0, 0, 1;
    %store/vec4 v0x55abd6320c10_0, 0, 1;
    %load/vec4 v0x55abd6321770_0;
    %load/vec4 v0x55abd6321190_0;
    %cmp/e;
    %jmp/0xz  T_2.10, 4;
    %pushi/vec4 1, 0, 1;
    %store/vec4 v0x55abd6320e50_0, 0, 1;
T_2.10 ;
T_2.8 ;
    %jmp T_2.3;
T_2.2 ;
    %load/vec4 v0x55abd6321770_0;
    %store/vec4 v0x55abd63215b0_0, 0, 4;
    %load/vec4 v0x55abd6321270_0;
    %store/vec4 v0x55abd63210b0_0, 0, 4;
    %jmp T_2.3;
T_2.3 ;
    %pop/vec4 1;
    %jmp T_2;
    .thread T_2, $push;
    .scope S_0x55abd6306540;
T_3 ;
    %delay 5000, 0;
    %load/vec4 v0x55abd6321ad0_0;
    %nor/r;
    %store/vec4 v0x55abd6321ad0_0, 0, 1;
    %jmp T_3;
    .thread T_3;
    .scope S_0x55abd6306540;
T_4 ;
    %vpi_call 2 28 "$dumpfile", "dump.vcd" {0 0 0};
    %vpi_call 2 29 "$dumpvars", 32'sb00000000000000000000000000000000, S_0x55abd6306540 {0 0 0};
    %pushi/vec4 0, 0, 1;
    %store/vec4 v0x55abd6321ad0_0, 0, 1;
    %pushi/vec4 1, 0, 1;
    %store/vec4 v0x55abd6321f20_0, 0, 1;
    %pushi/vec4 0, 0, 1;
    %store/vec4 v0x55abd6321e30_0, 0, 1;
    %pushi/vec4 0, 0, 1;
    %store/vec4 v0x55abd63220c0_0, 0, 1;
    %delay 5000, 0;
    %pushi/vec4 0, 0, 1;
    %store/vec4 v0x55abd6321f20_0, 0, 1;
    %delay 5000, 0;
    %pushi/vec4 1, 0, 8;
    %store/vec4 v0x55abd6321ff0_0, 0, 8;
    %pushi/vec4 1, 0, 1;
    %store/vec4 v0x55abd63220c0_0, 0, 1;
    %delay 30000, 0;
    %pushi/vec4 2, 0, 8;
    %store/vec4 v0x55abd6321ff0_0, 0, 8;
    %pushi/vec4 1, 0, 1;
    %store/vec4 v0x55abd63220c0_0, 0, 1;
    %delay 10000, 0;
    %pushi/vec4 0, 0, 1;
    %store/vec4 v0x55abd63220c0_0, 0, 1;
    %delay 30000, 0;
    %pushi/vec4 1, 0, 1;
    %store/vec4 v0x55abd6321e30_0, 0, 1;
    %delay 50000, 0;
    %vpi_call 2 44 "$finish" {0 0 0};
    %end;
    .thread T_4;
# The file index is used to find the file name in the following table.
:file_names 4;
    "N/A";
    "<interactive>";
    "tb.v";
    "fifo.v";
