#! /c/Source/iverilog-install/bin/vvp
:ivl_version "12.0 (devel)" "(s20150603-1539-g2693dd32b)";
:ivl_delay_selection "TYPICAL";
:vpi_time_precision + 0;
:vpi_module "C:\iverilog\lib\ivl\system.vpi";
:vpi_module "C:\iverilog\lib\ivl\vhdl_sys.vpi";
:vpi_module "C:\iverilog\lib\ivl\vhdl_textio.vpi";
:vpi_module "C:\iverilog\lib\ivl\v2005_math.vpi";
:vpi_module "C:\iverilog\lib\ivl\va_math.vpi";
S_000001f501f963f0 .scope module, "seg_2_dff_tb" "seg_2_dff_tb" 2 2;
 .timescale 0 0;
v000001f501fdba00_0 .var "clk", 0 0;
v000001f501fdbaa0_0 .var "d", 0 0;
v000001f501fdbb40_0 .var "en", 0 0;
v000001f501fdbbe0_0 .net "q", 0 0, v000001f501f967b0_0;  1 drivers
v000001f501fdbc80_0 .var "reset", 0 0;
S_000001f501f96580 .scope module, "uut" "seg_2_dff" 2 10, 3 1 0, S_000001f501f963f0;
 .timescale 0 0;
    .port_info 0 /INPUT 1 "clk";
    .port_info 1 /INPUT 1 "reset";
    .port_info 2 /INPUT 1 "en";
    .port_info 3 /INPUT 1 "d";
    .port_info 4 /OUTPUT 1 "q";
v000001f501f46df0_0 .net "clk", 0 0, v000001f501fdba00_0;  1 drivers
v000001f501f46950_0 .net "d", 0 0, v000001f501fdbaa0_0;  1 drivers
v000001f501f96710_0 .net "en", 0 0, v000001f501fdbb40_0;  1 drivers
v000001f501f967b0_0 .var "q", 0 0;
v000001f501fdb820_0 .var "r_next", 0 0;
v000001f501fdb8c0_0 .var "r_reg", 0 0;
v000001f501fdb960_0 .net "reset", 0 0, v000001f501fdbc80_0;  1 drivers
E_000001f501f4b310 .event anyedge, v000001f501fdb8c0_0;
E_000001f501f4b990 .event anyedge, v000001f501f96710_0, v000001f501f46950_0, v000001f501fdb8c0_0;
E_000001f501f4b190 .event posedge, v000001f501fdb960_0, v000001f501f46df0_0;
    .scope S_000001f501f96580;
T_0 ;
    %wait E_000001f501f4b190;
    %load/vec4 v000001f501fdb960_0;
    %flag_set/vec4 8;
    %jmp/0xz  T_0.0, 8;
    %pushi/vec4 0, 0, 1;
    %assign/vec4 v000001f501fdb8c0_0, 0;
    %jmp T_0.1;
T_0.0 ;
    %load/vec4 v000001f501fdb820_0;
    %assign/vec4 v000001f501fdb8c0_0, 0;
T_0.1 ;
    %jmp T_0;
    .thread T_0;
    .scope S_000001f501f96580;
T_1 ;
    %wait E_000001f501f4b990;
    %load/vec4 v000001f501f96710_0;
    %flag_set/vec4 8;
    %jmp/0xz  T_1.0, 8;
    %load/vec4 v000001f501f46950_0;
    %store/vec4 v000001f501fdb820_0, 0, 1;
    %jmp T_1.1;
T_1.0 ;
    %load/vec4 v000001f501fdb8c0_0;
    %store/vec4 v000001f501fdb820_0, 0, 1;
T_1.1 ;
    %jmp T_1;
    .thread T_1, $push;
    .scope S_000001f501f96580;
T_2 ;
    %wait E_000001f501f4b310;
    %load/vec4 v000001f501fdb8c0_0;
    %store/vec4 v000001f501f967b0_0, 0, 1;
    %jmp T_2;
    .thread T_2, $push;
    .scope S_000001f501f963f0;
T_3 ;
    %delay 2, 0;
    %load/vec4 v000001f501fdba00_0;
    %nor/r;
    %store/vec4 v000001f501fdba00_0, 0, 1;
    %jmp T_3;
    .thread T_3;
    .scope S_000001f501f963f0;
T_4 ;
    %vpi_call 2 20 "$dumpfile", "dump.vcd" {0 0 0};
    %vpi_call 2 21 "$dumpvars", 32'sb00000000000000000000000000000000, S_000001f501f963f0 {0 0 0};
    %pushi/vec4 0, 0, 1;
    %store/vec4 v000001f501fdba00_0, 0, 1;
    %pushi/vec4 0, 0, 1;
    %store/vec4 v000001f501fdbb40_0, 0, 1;
    %pushi/vec4 0, 0, 1;
    %store/vec4 v000001f501fdbaa0_0, 0, 1;
    %pushi/vec4 1, 0, 1;
    %store/vec4 v000001f501fdbc80_0, 0, 1;
    %delay 2, 0;
    %pushi/vec4 0, 0, 1;
    %store/vec4 v000001f501fdbc80_0, 0, 1;
    %pushi/vec4 1, 0, 1;
    %store/vec4 v000001f501fdbb40_0, 0, 1;
    %delay 5, 0;
    %pushi/vec4 1, 0, 1;
    %store/vec4 v000001f501fdbaa0_0, 0, 1;
    %delay 5, 0;
    %pushi/vec4 0, 0, 1;
    %store/vec4 v000001f501fdbaa0_0, 0, 1;
    %delay 20, 0;
    %vpi_call 2 30 "$finish" {0 0 0};
    %end;
    .thread T_4;
# The file index is used to find the file name in the following table.
:file_names 4;
    "N/A";
    "<interactive>";
    "tb.v";
    "twoseg_dff.v";
