#! /c/Source/iverilog-install/bin/vvp
:ivl_version "12.0 (devel)" "(s20150603-1539-g2693dd32b)";
:ivl_delay_selection "TYPICAL";
:vpi_time_precision - 12;
:vpi_module "C:\iverilog\lib\ivl\system.vpi";
:vpi_module "C:\iverilog\lib\ivl\vhdl_sys.vpi";
:vpi_module "C:\iverilog\lib\ivl\vhdl_textio.vpi";
:vpi_module "C:\iverilog\lib\ivl\v2005_math.vpi";
:vpi_module "C:\iverilog\lib\ivl\va_math.vpi";
S_0000020cc4dcb9f0 .scope module, "shift_reg_tb" "shift_reg_tb" 2 1;
 .timescale -9 -12;
v0000020cc4dc6700_0 .var "clk", 0 0;
v0000020cc4dc67a0_0 .var "cntrl", 1 0;
v0000020cc4dc6840_0 .var "d", 3 0;
v0000020cc4dc68e0_0 .net "q", 3 0, L_0000020cc4dcb1d0;  1 drivers
v0000020cc509c840_0 .var "reset", 0 0;
S_0000020cc4dcbb80 .scope module, "uut" "shift_reg" 2 8, 3 2 0, S_0000020cc4dcb9f0;
 .timescale -9 -12;
    .port_info 0 /INPUT 1 "clk";
    .port_info 1 /INPUT 1 "reset";
    .port_info 2 /INPUT 2 "cntrl";
    .port_info 3 /INPUT 4 "d";
    .port_info 4 /OUTPUT 4 "q";
L_0000020cc4dcb1d0 .functor BUFZ 4, v0000020cc4dc65c0_0, C4<0000>, C4<0000>, C4<0000>;
v0000020cc4dc6ba0_0 .net "clk", 0 0, v0000020cc4dc6700_0;  1 drivers
v0000020cc4dcb790_0 .net "cntrl", 1 0, v0000020cc4dc67a0_0;  1 drivers
v0000020cc4dcbd10_0 .net "d", 3 0, v0000020cc4dc6840_0;  1 drivers
v0000020cc4dcbdb0_0 .net "q", 3 0, L_0000020cc4dcb1d0;  alias, 1 drivers
v0000020cc4dc6520_0 .var "r_next", 3 0;
v0000020cc4dc65c0_0 .var "r_reg", 3 0;
v0000020cc4dc6660_0 .net "reset", 0 0, v0000020cc509c840_0;  1 drivers
E_0000020cc5058110 .event anyedge, v0000020cc4dcb790_0, v0000020cc4dc65c0_0, v0000020cc4dcbd10_0;
E_0000020cc5058b10 .event posedge, v0000020cc4dc6660_0, v0000020cc4dc6ba0_0;
    .scope S_0000020cc4dcbb80;
T_0 ;
    %wait E_0000020cc5058b10;
    %load/vec4 v0000020cc4dc6660_0;
    %flag_set/vec4 8;
    %jmp/0xz  T_0.0, 8;
    %pushi/vec4 0, 0, 4;
    %assign/vec4 v0000020cc4dc65c0_0, 0;
    %jmp T_0.1;
T_0.0 ;
    %load/vec4 v0000020cc4dc6520_0;
    %assign/vec4 v0000020cc4dc65c0_0, 0;
T_0.1 ;
    %jmp T_0;
    .thread T_0;
    .scope S_0000020cc4dcbb80;
T_1 ;
    %wait E_0000020cc5058110;
    %load/vec4 v0000020cc4dcb790_0;
    %dup/vec4;
    %pushi/vec4 0, 0, 2;
    %cmp/u;
    %jmp/1 T_1.0, 6;
    %dup/vec4;
    %pushi/vec4 1, 0, 2;
    %cmp/u;
    %jmp/1 T_1.1, 6;
    %dup/vec4;
    %pushi/vec4 2, 0, 2;
    %cmp/u;
    %jmp/1 T_1.2, 6;
    %load/vec4 v0000020cc4dcbd10_0;
    %store/vec4 v0000020cc4dc6520_0, 0, 4;
    %jmp T_1.4;
T_1.0 ;
    %load/vec4 v0000020cc4dc65c0_0;
    %store/vec4 v0000020cc4dc6520_0, 0, 4;
    %jmp T_1.4;
T_1.1 ;
    %load/vec4 v0000020cc4dc65c0_0;
    %parti/s 3, 0, 2;
    %load/vec4 v0000020cc4dcbd10_0;
    %parti/s 1, 0, 2;
    %concat/vec4; draw_concat_vec4
    %store/vec4 v0000020cc4dc6520_0, 0, 4;
    %jmp T_1.4;
T_1.2 ;
    %load/vec4 v0000020cc4dcbd10_0;
    %parti/s 1, 3, 3;
    %load/vec4 v0000020cc4dc65c0_0;
    %parti/s 3, 1, 2;
    %concat/vec4; draw_concat_vec4
    %store/vec4 v0000020cc4dc6520_0, 0, 4;
    %jmp T_1.4;
T_1.4 ;
    %pop/vec4 1;
    %jmp T_1;
    .thread T_1, $push;
    .scope S_0000020cc4dcb9f0;
T_2 ;
    %pushi/vec4 0, 0, 1;
    %store/vec4 v0000020cc4dc6700_0, 0, 1;
    %pushi/vec4 1, 0, 4;
    %store/vec4 v0000020cc4dc6840_0, 0, 4;
T_2.0 ;
    %delay 5000, 0;
    %load/vec4 v0000020cc4dc6700_0;
    %inv;
    %store/vec4 v0000020cc4dc6700_0, 0, 1;
    %jmp T_2.0;
    %end;
    .thread T_2;
    .scope S_0000020cc4dcb9f0;
T_3 ;
    %vpi_call 2 18 "$dumpfile", "shift.vcd" {0 0 0};
    %vpi_call 2 19 "$dumpvars", 32'sb00000000000000000000000000000000, S_0000020cc4dcb9f0 {0 0 0};
    %pushi/vec4 0, 0, 1;
    %store/vec4 v0000020cc509c840_0, 0, 1;
    %delay 10000, 0;
    %pushi/vec4 1, 0, 2;
    %store/vec4 v0000020cc4dc67a0_0, 0, 2;
    %delay 30000, 0;
    %pushi/vec4 2, 0, 2;
    %store/vec4 v0000020cc4dc67a0_0, 0, 2;
    %delay 30000, 0;
    %vpi_call 2 28 "$finish" {0 0 0};
    %end;
    .thread T_3;
# The file index is used to find the file name in the following table.
:file_names 4;
    "N/A";
    "<interactive>";
    "tb.v";
    "shift_reg.v";
